<?xml version="1.0" encoding="UTF-8"?>
<!-- Generated by org.testng.reporters.JUnitReportReporter -->
<testsuite hostname="LAPTOP-JR17UHLN" failures="0" tests="1" name="TestNG_Parameters.google" time="2.629" errors="0" timestamp="2022-09-06T10:51:31 IST" skipped="0">
  <testcase classname="TestNG_Parameters.google" name="search" time="2.629"/>
  <system-out/>
</testsuite> <!-- TestNG_Parameters.google -->
