<?xml version="1.0" encoding="UTF-8"?>
<!-- Generated by org.testng.reporters.JUnitReportReporter -->
<testsuite hostname="LAPTOP-JR17UHLN" failures="0" tests="1" name="TestNG_Parameters.ganesh1" time="29.908" errors="0" timestamp="2022-09-08T11:27:21 IST" skipped="0">
  <testcase classname="TestNG_Parameters.ganesh1" name="test1" time="29.908"/>
  <system-out/>
</testsuite> <!-- TestNG_Parameters.ganesh1 -->
