<?xml version="1.0" encoding="UTF-8"?>
<!-- Generated by org.testng.reporters.JUnitReportReporter -->
<testsuite hostname="LAPTOP-JR17UHLN" failures="0" tests="2" name="TestNG.testng1" time="0.013" errors="0" timestamp="2022-08-29T16:46:59 IST" skipped="0">
  <testcase classname="TestNG.testng1" name="Regression" time="0.012"/>
  <system-out>
    <![CDATA[regression]]>
  </system-out>
  <testcase classname="TestNG.testng1" name="Functional" time="0.001"/>
  <system-out>
    <![CDATA[functional successfull]]>
  </system-out>
</testsuite> <!-- TestNG.testng1 -->
