<?xml version="1.0" encoding="UTF-8"?>
<!-- Generated by org.testng.reporters.JUnitReportReporter -->
<testsuite hostname="LAPTOP-JR17UHLN" failures="0" tests="5" name="TestNG.Groups_inTESTNG" time="0.014" errors="0" timestamp="2022-08-27T11:43:25 IST" skipped="0">
  <testcase classname="TestNG.Groups_inTESTNG" name="login" time="0.008"/>
  <system-out/>
  <testcase classname="TestNG.Groups_inTESTNG" name="Homepage" time="0.001"/>
  <system-out/>
  <testcase classname="TestNG.Groups_inTESTNG" name="Search" time="0.002"/>
  <system-out/>
  <testcase classname="TestNG.Groups_inTESTNG" name="Buying" time="0.002"/>
  <system-out/>
  <testcase classname="TestNG.Groups_inTESTNG" name="Payment" time="0.001"/>
  <system-out/>
</testsuite> <!-- TestNG.Groups_inTESTNG -->
