<?xml version="1.0" encoding="UTF-8"?>
<!-- Generated by org.testng.reporters.JUnitReportReporter -->
<testsuite hostname="LAPTOP-JR17UHLN" failures="0" tests="1" name="TestNG_Parameters.ganesh2" time="26.812" errors="0" timestamp="2022-09-08T11:27:21 IST" skipped="0">
  <testcase classname="TestNG_Parameters.ganesh2" name="test1" time="26.812"/>
  <system-out/>
</testsuite> <!-- TestNG_Parameters.ganesh2 -->
