<?xml version="1.0" encoding="UTF-8"?>
<!-- Generated by org.testng.reporters.JUnitReportReporter -->
<testsuite hostname="LAPTOP-JR17UHLN" failures="0" tests="1" name="TestNG.multipleTestCAses" time="0.006" errors="0" timestamp="2022-08-29T16:59:37 IST" skipped="0">
  <testcase classname="TestNG.multipleTestCAses" name="logout" time="0.006"/>
  <system-out/>
</testsuite> <!-- TestNG.multipleTestCAses -->
