<?xml version="1.0" encoding="UTF-8"?>
<!-- Generated by org.testng.reporters.JUnitReportReporter -->
<testsuite hostname="LAPTOP-JR17UHLN" failures="0" tests="1" name="Revision_Selenium.testNgex1" time="15.801" errors="0" timestamp="2022-08-18T18:50:50 IST" skipped="0">
  <testcase classname="Revision_Selenium.testNgex1" name="titleTEST" time="15.801"/>
  <system-out/>
</testsuite> <!-- Revision_Selenium.testNgex1 -->
