<?xml version="1.0" encoding="UTF-8"?>
<!-- Generated by org.testng.reporters.JUnitReportReporter -->
<testsuite hostname="LAPTOP-JR17UHLN" failures="0" tests="2" name="TestNG.about_diff_diff_Annotations" time="0.010" errors="0" timestamp="2022-08-29T18:24:17 IST" skipped="0">
  <testcase classname="TestNG.about_diff_diff_Annotations" name="HomePage" time="0.008"/>
  <system-out/>
  <testcase classname="TestNG.about_diff_diff_Annotations" name="SearchBOX" time="0.002"/>
  <system-out/>
</testsuite> <!-- TestNG.about_diff_diff_Annotations -->
