<?xml version="1.0" encoding="UTF-8"?>
<!-- Generated by org.testng.reporters.JUnitReportReporter -->
<testsuite hostname="LAPTOP-JR17UHLN" failures="0" tests="2" name="TestNG.parallel_testing" time="2.453" errors="0" timestamp="2022-08-27T13:02:13 IST" skipped="0">
  <testcase classname="TestNG.parallel_testing" name="Facebook" time="1.067"/>
  <system-out/>
  <testcase classname="TestNG.parallel_testing" name="Google" time="1.386"/>
  <system-out/>
</testsuite> <!-- TestNG.parallel_testing -->
