<?xml version="1.0" encoding="UTF-8"?>
<!-- Generated by org.testng.reporters.JUnitReportReporter -->
<testsuite hostname="LAPTOP-JR17UHLN" failures="0" tests="4" name="cookies.shs" time="0.032" errors="0" timestamp="2022-09-11T17:19:40 IST" skipped="0">
  <testcase classname="cookies.shs" name="so" time="0.017"/>
  <system-out/>
  <testcase classname="cookies.shs" name="sol" time="0.005"/>
  <system-out/>
  <testcase classname="cookies.shs" name="solo" time="0.005"/>
  <system-out/>
  <testcase classname="cookies.shs" name="so2" time="0.005"/>
  <system-out/>
</testsuite> <!-- cookies.shs -->
