<?xml version="1.0" encoding="UTF-8"?>
<!-- Generated by org.testng.reporters.JUnitReportReporter -->
<testsuite hostname="LAPTOP-JR17UHLN" failures="0" tests="1" name="TestNG.TestingTITLE" time="5.834" errors="0" timestamp="2022-08-18T18:40:37 IST" skipped="0">
  <testcase classname="TestNG.TestingTITLE" name="EbayTITLE" time="5.834"/>
  <system-out/>
</testsuite> <!-- TestNG.TestingTITLE -->
