<?xml version="1.0" encoding="UTF-8"?>
<!-- Generated by org.testng.reporters.JUnitReportReporter -->
<testsuite hostname="LAPTOP-JR17UHLN" failures="0" tests="4" name="TestNG.priority_testCases" time="66.007" errors="0" timestamp="2022-08-26T18:33:06 IST" skipped="0">
  <testcase classname="TestNG.priority_testCases" name="orangehrm2" time="8.469"/>
  <system-out/>
  <testcase classname="TestNG.priority_testCases" name="orangehrm1" time="23.775"/>
  <system-out/>
  <testcase classname="TestNG.priority_testCases" name="orangehrm1" time="16.236"/>
  <system-out/>
  <testcase classname="TestNG.priority_testCases" name="orangehrm1" time="17.527"/>
  <system-out/>
</testsuite> <!-- TestNG.priority_testCases -->
