<?xml version="1.0" encoding="UTF-8"?>
<!-- Generated by org.testng.reporters.JUnitReportReporter -->
<testsuite hostname="LAPTOP-JR17UHLN" failures="0" tests="1" name="TestNG.Nita_Mam" time="0.008" errors="0" timestamp="2022-08-26T09:58:18 IST" skipped="0">
  <testcase classname="TestNG.Nita_Mam" name="verifyUserProfile" time="0.008"/>
  <system-out/>
</testsuite> <!-- TestNG.Nita_Mam -->
