<?xml version="1.0" encoding="UTF-8"?>
<!-- Generated by org.testng.reporters.JUnitReportReporter -->
<testsuite hostname="LAPTOP-JR17UHLN" failures="0" tests="2" name="TestNG.PARAMETER" time="12.844" errors="0" timestamp="2022-08-30T12:47:54 IST" skipped="0">
  <testcase classname="TestNG.PARAMETER" name="Setup" time="3.089"/>
  <system-out/>
  <testcase classname="TestNG.PARAMETER" name="login" time="9.755"/>
  <system-out/>
</testsuite> <!-- TestNG.PARAMETER -->
