<?xml version="1.0" encoding="UTF-8"?>
<!-- Generated by org.testng.reporters.JUnitReportReporter -->
<testsuite hostname="LAPTOP-JR17UHLN" failures="0" tests="2" name="TestNG.Grouping_Testcases" time="0.015" errors="0" timestamp="2022-08-29T18:28:00 IST" skipped="0">
  <testcase classname="TestNG.Grouping_Testcases" name="Login" time="0.014"/>
  <system-out/>
  <testcase classname="TestNG.Grouping_Testcases" name="Logout" time="0.001"/>
  <system-out/>
</testsuite> <!-- TestNG.Grouping_Testcases -->
