<?xml version="1.0" encoding="UTF-8"?>
<!-- Generated by org.testng.reporters.JUnitReportReporter -->
<testsuite hostname="LAPTOP-JR17UHLN" failures="0" tests="2" name="TestNG.test1" time="62.721" errors="0" timestamp="2022-08-17T19:22:38 IST" skipped="0">
  <testcase classname="TestNG.test1" name="FacebookTest" time="18.559"/>
  <system-out/>
  <testcase classname="TestNG.test1" name="googleTest" time="44.162"/>
  <system-out/>
</testsuite> <!-- TestNG.test1 -->
