<?xml version="1.0" encoding="UTF-8"?>
<!-- Generated by org.testng.reporters.JUnitReportReporter -->
<testsuite hostname="LAPTOP-JR17UHLN" failures="0" tests="2" name="TestNG.Mock1" time="17.264" errors="0" timestamp="2022-08-26T17:56:37 IST" skipped="0">
  <testcase classname="TestNG.Mock1" name="Launching_Browser" time="15.789"/>
  <system-out/>
  <testcase classname="TestNG.Mock1" name="providing_Credentials" time="1.475"/>
  <system-out/>
</testsuite> <!-- TestNG.Mock1 -->
