<?xml version="1.0" encoding="UTF-8"?>
<!-- Generated by org.testng.reporters.JUnitReportReporter -->
<testsuite hostname="LAPTOP-JR17UHLN" failures="0" tests="2" name="TestNG.Facebook" time="5.632" errors="0" timestamp="2022-08-29T18:15:38 IST" skipped="0">
  <testcase classname="TestNG.Facebook" name="validating_application" time="4.585"/>
  <system-out>
    <![CDATA[The password that you've entered is incorrect. Forgotten password?]]>
  </system-out>
  <testcase classname="TestNG.Facebook" name="launchingApplication" time="1.047"/>
  <system-out/>
</testsuite> <!-- TestNG.Facebook -->
